<?xml version="1.0" encoding="UTF-8"?>
<testsuite name="CurrencyRates" tests="5" skipped="0" failures="0" errors="0" timestamp="2020-05-10T17:24:52" hostname="DESKTOP-PSAVN8G" time="28.42">
  <properties/>
  <testcase name="ratesPrivatBank()" classname="CurrencyRates" time="12.006"/>
  <testcase name="openNBU()" classname="CurrencyRates" time="2.212"/>
  <testcase name="openAvalBank()" classname="CurrencyRates" time="3.425"/>
  <testcase name="ratesUkrsibBank()" classname="CurrencyRates" time="2.397"/>
  <testcase name="openOshchadBank()" classname="CurrencyRates" time="8.374"/>
  <system-out><![CDATA[PrivatBank: Buy Rate = 28.75 Sell Rate = 29.33
UkrsibBank: Buy Rate = 26.68 Sell Rate = 27.05
AvalBank: Buy Rate = 26.7 Sell Rate = 27.1
OshchadBank: Buy Rate = 26.7 Sell Rate = 27.05
NBU: Buy Rate = 26.8185 Sell Rate = 0.0
RESULTS
Average buy rate = 27.129700000000003
Average sell rate = 27.632499999999997
The bank with the smallest buy rate is UkrsibBank
The bank with the biggest sell rate is PrivatBank
]]></system-out>
  <system-err><![CDATA[Starting ChromeDriver 81.0.4044.69 (6813546031a4bc83f717a2ef7cd4ac6ec1199132-refs/branch-heads/4044@{#776}) on port 14377
Only local connections are allowed.
Please protect ports used by ChromeDriver and related test frameworks to prevent access by malicious code.
мая 10, 2020 8:24:52 PM org.openqa.selenium.remote.ProtocolHandshake createSession
INFO: Detected dialect: W3C
[1589131494.125][SEVERE]: Timed out receiving message from renderer: 0.100
[1589131494.269][SEVERE]: Timed out receiving message from renderer: 0.100
[1589131494.373][SEVERE]: Timed out receiving message from renderer: 0.100
[1589131494.476][SEVERE]: Timed out receiving message from renderer: 0.100
[1589131494.578][SEVERE]: Timed out receiving message from renderer: 0.100
[1589131494.680][SEVERE]: Timed out receiving message from renderer: 0.100
[1589131494.783][SEVERE]: Timed out receiving message from renderer: 0.100
[1589131494.886][SEVERE]: Timed out receiving message from renderer: 0.100
[1589131494.990][SEVERE]: Timed out receiving message from renderer: 0.100
[1589131495.093][SEVERE]: Timed out receiving message from renderer: 0.100
[1589131495.196][SEVERE]: Timed out receiving message from renderer: 0.100
[1589131506.060][SEVERE]: Timed out receiving message from renderer: 0.100
[1589131506.300][SEVERE]: Timed out receiving message from renderer: 0.100
[1589131506.521][SEVERE]: Timed out receiving message from renderer: 0.100
[1589131506.998][SEVERE]: Timed out receiving message from renderer: 0.100
[1589131508.550][SEVERE]: Timed out receiving message from renderer: 0.100
[1589131509.610][SEVERE]: Timed out receiving message from renderer: 0.100
[1589131510.924][SEVERE]: Timed out receiving message from renderer: 0.100
[1589131511.027][SEVERE]: Timed out receiving message from renderer: 0.100
[1589131511.130][SEVERE]: Timed out receiving message from renderer: 0.100
[1589131511.233][SEVERE]: Timed out receiving message from renderer: 0.100
[1589131511.335][SEVERE]: Timed out receiving message from renderer: 0.100
[1589131511.438][SEVERE]: Timed out receiving message from renderer: 0.100
[1589131511.541][SEVERE]: Timed out receiving message from renderer: 0.100
[1589131511.644][SEVERE]: Timed out receiving message from renderer: 0.100
[1589131511.747][SEVERE]: Timed out receiving message from renderer: 0.100
[1589131511.850][SEVERE]: Timed out receiving message from renderer: 0.100
[1589131511.952][SEVERE]: Timed out receiving message from renderer: 0.100
[1589131512.824][SEVERE]: Timed out receiving message from renderer: 0.100
[1589131517.120][SEVERE]: Timed out receiving message from renderer: 0.100
[1589131517.222][SEVERE]: Timed out receiving message from renderer: 0.100
[1589131517.324][SEVERE]: Timed out receiving message from renderer: 0.100
[1589131517.427][SEVERE]: Timed out receiving message from renderer: 0.100
[1589131517.530][SEVERE]: Timed out receiving message from renderer: 0.100
[1589131517.632][SEVERE]: Timed out receiving message from renderer: 0.100
[1589131517.735][SEVERE]: Timed out receiving message from renderer: 0.100
[1589131517.837][SEVERE]: Timed out receiving message from renderer: 0.100
[1589131517.941][SEVERE]: Timed out receiving message from renderer: 0.100
[1589131518.043][SEVERE]: Timed out receiving message from renderer: 0.100
[1589131518.146][SEVERE]: Timed out receiving message from renderer: 0.100
[1589131518.249][SEVERE]: Timed out receiving message from renderer: 0.100
[1589131518.351][SEVERE]: Timed out receiving message from renderer: 0.100
[1589131518.454][SEVERE]: Timed out receiving message from renderer: 0.100
[1589131518.830][SEVERE]: Timed out receiving message from renderer: 0.100
[1589131519.145][SEVERE]: Timed out receiving message from renderer: 0.100
[1589131519.349][SEVERE]: Timed out receiving message from renderer: 0.100
[1589131519.565][SEVERE]: Timed out receiving message from renderer: 0.100
[1589131519.899][SEVERE]: Timed out receiving message from renderer: 0.100
[1589131520.182][SEVERE]: Timed out receiving message from renderer: 0.100
[1589131520.284][SEVERE]: Timed out receiving message from renderer: 0.100
[1589131520.386][SEVERE]: Timed out receiving message from renderer: 0.100
[1589131520.929][SEVERE]: Timed out receiving message from renderer: 0.100
]]></system-err>
</testsuite>
